[1718901338.862][INFO]: Starting ChromeDriver 109.0.5414.74 (e7c5703604daa9cc128ccf5a5d3e993513758913-refs/branch-heads/5414@{#1172}) on port 15887
[1718901338.862][INFO]: Please see https://chromedriver.chromium.org/security-considerations for suggestions on keeping ChromeDriver safe.
[1718901340.129][INFO]: [9d0e69208ab4d81cf53cdcbbef537847] COMMAND InitSession {
   "capabilities": {
      "firstMatch": [ {
         "browserName": "chrome",
         "goog:chromeOptions": {
            "args": [ "--remote-allow-origins=*" ],
            "extensions": [  ]
         },
         "goog:loggingPrefs": {
            "browser": "ALL",
            "driver": "ALL"
         }
      } ]
   }
}
[1718901340.135][INFO]: Populating Preferences file: {
   "alternate_error_pages": {
      "enabled": false
   },
   "autofill": {
      "enabled": false
   },
   "browser": {
      "check_default_browser": false
   },
   "distribution": {
      "import_bookmarks": false,
      "import_history": false,
      "import_search_engine": false,
      "make_chrome_default_for_user": false,
      "skip_first_run_ui": true
   },
   "dns_prefetching": {
      "enabled": false
   },
   "profile": {
      "content_settings": {
         "pattern_pairs": {
            "https://*,*": {
               "media-stream": {
                  "audio": "Default",
                  "video": "Default"
               }
            }
         }
      },
      "default_content_setting_values": {
         "geolocation": 1
      },
      "default_content_settings": {
         "geolocation": 1,
         "mouselock": 1,
         "notifications": 1,
         "popups": 1,
         "ppapi-broker": 1
      },
      "password_manager_enabled": false
   },
   "safebrowsing": {
      "enabled": false
   },
   "search": {
      "suggest_enabled": false
   },
   "translate": {
      "enabled": false
   }
}
[1718901340.136][INFO]: Populating Local State file: {
   "background_mode": {
      "enabled": false
   },
   "ssl": {
      "rev_checking": {
         "enabled": false
      }
   }
}
[1718901340.140][INFO]: Launching chrome: "C:\Program Files (x86)\Google\Chrome\Application\chrome.exe" --allow-pre-commit-input --disable-background-networking --disable-backgrounding-occluded-windows --disable-client-side-phishing-detection --disable-default-apps --disable-hang-monitor --disable-popup-blocking --disable-prompt-on-repost --disable-sync --enable-automation --enable-blink-features=ShadowDOMV0 --enable-logging --log-level=0 --no-first-run --no-service-autorun --password-store=basic --remote-allow-origins=* --remote-debugging-port=0 --test-type=webdriver --use-mock-keychain --user-data-dir="C:\Program Files (x86)\scoped_dir3232_1625651566" data:,
[1718901341.307][INFO]: resolved localhost to ["::1","127.0.0.1"]
[1718901341.930][INFO]: [9d0e69208ab4d81cf53cdcbbef537847] RESPONSE InitSession {
   "capabilities": {
      "acceptInsecureCerts": false,
      "browserName": "chrome",
      "browserVersion": "109.0.5414.120",
      "chrome": {
         "chromedriverVersion": "109.0.5414.74 (e7c5703604daa9cc128ccf5a5d3e993513758913-refs/branch-heads/5414@{#1172})",
         "userDataDir": "C:\\Program Files (x86)\\scoped_dir3232_1625651566"
      },
      "goog:chromeOptions": {
         "debuggerAddress": "localhost:60546"
      },
      "networkConnectionEnabled": false,
      "pageLoadStrategy": "normal",
      "platformName": "windows",
      "proxy": {
      },
      "setWindowRect": true,
      "strictFileInteractability": false,
      "timeouts": {
         "implicit": 0,
         "pageLoad": 300000,
         "script": 30000
      },
      "unhandledPromptBehavior": "dismiss and notify",
      "webauthn:extension:credBlob": true,
      "webauthn:extension:largeBlob": true,
      "webauthn:virtualAuthenticators": true
   },
   "sessionId": "9d0e69208ab4d81cf53cdcbbef537847"
}
[1718901342.293][INFO]: [9d0e69208ab4d81cf53cdcbbef537847] COMMAND MaximizeWindow {
}
[1718901342.293][INFO]: Waiting for pending navigations...
[1718901342.294][INFO]: Done waiting for pending navigations. Status: ok
[1718901342.416][INFO]: Waiting for pending navigations...
[1718901342.417][INFO]: Done waiting for pending navigations. Status: ok
[1718901342.417][INFO]: [9d0e69208ab4d81cf53cdcbbef537847] RESPONSE MaximizeWindow {
   "height": 744,
   "width": 1382,
   "x": -8,
   "y": -8
}
[1718901342.443][INFO]: [9d0e69208ab4d81cf53cdcbbef537847] COMMAND GetUrl {
}
[1718901342.443][INFO]: Waiting for pending navigations...
[1718901342.444][INFO]: Done waiting for pending navigations. Status: ok
[1718901342.449][INFO]: Waiting for pending navigations...
[1718901342.450][INFO]: Done waiting for pending navigations. Status: ok
[1718901342.450][INFO]: [9d0e69208ab4d81cf53cdcbbef537847] RESPONSE GetUrl "data:,"
[1718901342.457][INFO]: [9d0e69208ab4d81cf53cdcbbef537847] COMMAND Navigate {
   "url": "https://docs.google.com/forms/d/e/1FAIpQLSep9LTMntH5YqIXa5nkiPKSs283kdwitBBhXWyZdAS-e4CxBQ/viewform"
}
[1718901342.457][INFO]: Waiting for pending navigations...
[1718901342.458][INFO]: Done waiting for pending navigations. Status: ok
[1718901343.473][INFO]: Waiting for pending navigations...
[1718901344.725][INFO]: Done waiting for pending navigations. Status: ok
[1718901344.725][INFO]: [9d0e69208ab4d81cf53cdcbbef537847] RESPONSE Navigate
[1718901344.762][INFO]: [9d0e69208ab4d81cf53cdcbbef537847] COMMAND GetUrl {
}
[1718901344.762][INFO]: Waiting for pending navigations...
[1718901345.218][INFO]: Done waiting for pending navigations. Status: ok
[1718901345.232][INFO]: Waiting for pending navigations...
[1718901345.233][INFO]: Done waiting for pending navigations. Status: ok
[1718901345.233][INFO]: [9d0e69208ab4d81cf53cdcbbef537847] RESPONSE GetUrl "https://docs.google.com/forms/d/e/1FAIpQLSep9LTMntH5YqIXa5nkiPKSs283kdwitBBhXWyZdAS-e4CxBQ/viewform"
[1718901345.251][INFO]: [9d0e69208ab4d81cf53cdcbbef537847] COMMAND FindElement {
   "using": "xpath",
   "value": "(//div//input[contains(@class,'whsOnd') and @jsname='YPqjbf'])[1]"
}
[1718901345.251][INFO]: Waiting for pending navigations...
[1718901345.258][INFO]: Done waiting for pending navigations. Status: ok
[1718901345.289][INFO]: Waiting for pending navigations...
[1718901345.291][INFO]: Done waiting for pending navigations. Status: ok
[1718901345.292][INFO]: [9d0e69208ab4d81cf53cdcbbef537847] RESPONSE FindElement {
   "element-6066-11e4-a52e-4f735466cecf": "caae62ec-232d-4990-896f-ea6c5cf64a4a"
}
[1718901345.307][INFO]: [9d0e69208ab4d81cf53cdcbbef537847] COMMAND ClearElement {
   "id": "caae62ec-232d-4990-896f-ea6c5cf64a4a"
}
[1718901345.307][INFO]: Waiting for pending navigations...
[1718901345.309][INFO]: Done waiting for pending navigations. Status: ok
[1718901345.363][INFO]: 
	=== NOTE: ===
	The Clear command in ChromeDriver 2.43 and above
	has been updated to conform to the current standard,
	including raising blur event after clearing.

[1718901345.392][INFO]: Waiting for pending navigations...
[1718901345.394][INFO]: Done waiting for pending navigations. Status: ok
[1718901345.394][INFO]: [9d0e69208ab4d81cf53cdcbbef537847] RESPONSE ClearElement
[1718901345.409][INFO]: [9d0e69208ab4d81cf53cdcbbef537847] COMMAND TypeElement {
   "id": "caae62ec-232d-4990-896f-ea6c5cf64a4a",
   "text": "Crio Learner",
   "value": [ "C", "r", "i", "o", " ", "L", "e", "a", "r", "n", "e", "r" ]
}
[1718901345.409][INFO]: Waiting for pending navigations...
[1718901345.411][INFO]: Done waiting for pending navigations. Status: ok
[1718901345.653][INFO]: Waiting for pending navigations...
[1718901345.789][INFO]: Done waiting for pending navigations. Status: ok
[1718901345.790][INFO]: [9d0e69208ab4d81cf53cdcbbef537847] RESPONSE TypeElement
[1718901345.825][INFO]: [9d0e69208ab4d81cf53cdcbbef537847] COMMAND FindElement {
   "using": "xpath",
   "value": "//textarea[contains(@class,'tL9Q4c')]"
}
[1718901345.826][INFO]: Waiting for pending navigations...
[1718901345.840][INFO]: Done waiting for pending navigations. Status: ok
[1718901345.866][INFO]: Waiting for pending navigations...
[1718901345.867][INFO]: Done waiting for pending navigations. Status: ok
[1718901345.867][INFO]: [9d0e69208ab4d81cf53cdcbbef537847] RESPONSE FindElement {
   "element-6066-11e4-a52e-4f735466cecf": "cb6faafe-5cc4-426b-8fc3-8b13b77aa6a9"
}
[1718901345.886][INFO]: [9d0e69208ab4d81cf53cdcbbef537847] COMMAND ClearElement {
   "id": "cb6faafe-5cc4-426b-8fc3-8b13b77aa6a9"
}
[1718901345.886][INFO]: Waiting for pending navigations...
[1718901345.887][INFO]: Done waiting for pending navigations. Status: ok
[1718901345.994][INFO]: Waiting for pending navigations...
[1718901346.007][INFO]: Done waiting for pending navigations. Status: ok
[1718901346.007][INFO]: [9d0e69208ab4d81cf53cdcbbef537847] RESPONSE ClearElement
[1718901346.025][INFO]: [9d0e69208ab4d81cf53cdcbbef537847] COMMAND TypeElement {
   "id": "cb6faafe-5cc4-426b-8fc3-8b13b77aa6a9",
   "text": "I want to be the best QA Engineer!1718901345877",
   "value": [ "I", " ", "w", "a", "n", "t", " ", "t", "o", " ", "b", "e", " ", "t", "h", "e", " ", "b", "e", "s", "t", " ", "Q", "A", " ", "E", "n", "g", "i", "n", "e", "e", "r", "!", "1", "7", "1", "8", "9", "0", "1", "3", "4", "5", "8", "7", "7" ]
}
[1718901346.025][INFO]: Waiting for pending navigations...
[1718901346.027][INFO]: Done waiting for pending navigations. Status: ok
[1718901346.784][INFO]: Waiting for pending navigations...
[1718901346.877][INFO]: Done waiting for pending navigations. Status: ok
[1718901346.877][INFO]: [9d0e69208ab4d81cf53cdcbbef537847] RESPONSE TypeElement
[1718901346.893][INFO]: [9d0e69208ab4d81cf53cdcbbef537847] COMMAND FindElements {
   "using": "xpath",
   "value": "//div//div[contains(@class,'wFGF8')]"
}
[1718901346.893][INFO]: Waiting for pending navigations...
[1718901346.904][INFO]: Done waiting for pending navigations. Status: ok
[1718901346.930][INFO]: Waiting for pending navigations...
[1718901346.932][INFO]: Done waiting for pending navigations. Status: ok
[1718901346.932][INFO]: [9d0e69208ab4d81cf53cdcbbef537847] RESPONSE FindElements [ {
   "element-6066-11e4-a52e-4f735466cecf": "ebe90c06-f67b-432f-9ab6-5c7a4f3917ef"
}, {
   "element-6066-11e4-a52e-4f735466cecf": "b980f9c5-8519-42fe-86e1-bfc0421b040b"
}, {
   "element-6066-11e4-a52e-4f735466cecf": "80102cf1-90c2-47b6-9d6c-d49937c8bd2a"
}, {
   "element-6066-11e4-a52e-4f735466cecf": "282554ce-b5b6-4d52-9803-4f93131d5d33"
}, {
   "element-6066-11e4-a52e-4f735466cecf": "1db63412-0fa4-4f12-bf7f-b248df4d4692"
}, {
   "element-6066-11e4-a52e-4f735466cecf": "81fe0b2f-514e-4eb5-bfba-dd0153486417"
}, {
   "element-6066-11e4-a52e-4f735466cecf": "8aa38d7b-6963-498a-a761-d527402e42c9"
}, {
   "element-6066-11e4-a52e-4f735466cecf": "0dea96fb-e601-4c53-97a8-b9a479767b10"
} ]
[1718901346.941][INFO]: [9d0e69208ab4d81cf53cdcbbef537847] COMMAND GetElementText {
   "id": "ebe90c06-f67b-432f-9ab6-5c7a4f3917ef"
}
[1718901346.941][INFO]: Waiting for pending navigations...
[1718901346.943][INFO]: Done waiting for pending navigations. Status: ok
[1718901346.976][INFO]: Waiting for pending navigations...
[1718901346.977][INFO]: Done waiting for pending navigations. Status: ok
[1718901346.977][INFO]: [9d0e69208ab4d81cf53cdcbbef537847] RESPONSE GetElementText "0 - 2"
[1718901346.984][INFO]: [9d0e69208ab4d81cf53cdcbbef537847] COMMAND GetElementText {
   "id": "b980f9c5-8519-42fe-86e1-bfc0421b040b"
}
[1718901346.984][INFO]: Waiting for pending navigations...
[1718901346.985][INFO]: Done waiting for pending navigations. Status: ok
[1718901347.019][INFO]: Waiting for pending navigations...
[1718901347.023][INFO]: Done waiting for pending navigations. Status: ok
[1718901347.024][INFO]: [9d0e69208ab4d81cf53cdcbbef537847] RESPONSE GetElementText "3 - 5"
[1718901347.028][INFO]: [9d0e69208ab4d81cf53cdcbbef537847] COMMAND GetElementText {
   "id": "b980f9c5-8519-42fe-86e1-bfc0421b040b"
}
[1718901347.029][INFO]: Waiting for pending navigations...
[1718901347.030][INFO]: Done waiting for pending navigations. Status: ok
[1718901347.050][INFO]: Waiting for pending navigations...
[1718901347.051][INFO]: Done waiting for pending navigations. Status: ok
[1718901347.051][INFO]: [9d0e69208ab4d81cf53cdcbbef537847] RESPONSE GetElementText "3 - 5"
[1718901347.061][INFO]: [9d0e69208ab4d81cf53cdcbbef537847] COMMAND ClickElement {
   "id": "b980f9c5-8519-42fe-86e1-bfc0421b040b"
}
[1718901347.061][INFO]: Waiting for pending navigations...
[1718901347.063][INFO]: Done waiting for pending navigations. Status: ok
[1718901347.141][INFO]: Waiting for pending navigations...
[1718901347.198][INFO]: Done waiting for pending navigations. Status: ok
[1718901347.198][INFO]: [9d0e69208ab4d81cf53cdcbbef537847] RESPONSE ClickElement
[1718901347.233][INFO]: [9d0e69208ab4d81cf53cdcbbef537847] COMMAND GetElementText {
   "id": "80102cf1-90c2-47b6-9d6c-d49937c8bd2a"
}
[1718901347.233][INFO]: Waiting for pending navigations...
[1718901347.235][INFO]: Done waiting for pending navigations. Status: ok
[1718901347.274][INFO]: Waiting for pending navigations...
[1718901347.279][INFO]: Done waiting for pending navigations. Status: ok
[1718901347.279][INFO]: [9d0e69208ab4d81cf53cdcbbef537847] RESPONSE GetElementText "6 - 10"
[1718901347.284][INFO]: [9d0e69208ab4d81cf53cdcbbef537847] COMMAND GetElementText {
   "id": "282554ce-b5b6-4d52-9803-4f93131d5d33"
}
[1718901347.284][INFO]: Waiting for pending navigations...
[1718901347.285][INFO]: Done waiting for pending navigations. Status: ok
[1718901347.322][INFO]: Waiting for pending navigations...
[1718901347.326][INFO]: Done waiting for pending navigations. Status: ok
[1718901347.326][INFO]: [9d0e69208ab4d81cf53cdcbbef537847] RESPONSE GetElementText "> 10"
[1718901347.334][INFO]: [9d0e69208ab4d81cf53cdcbbef537847] COMMAND GetElementText {
   "id": "1db63412-0fa4-4f12-bf7f-b248df4d4692"
}
[1718901347.334][INFO]: Waiting for pending navigations...
[1718901347.335][INFO]: Done waiting for pending navigations. Status: ok
[1718901347.369][INFO]: Waiting for pending navigations...
[1718901347.372][INFO]: Done waiting for pending navigations. Status: ok
[1718901347.372][INFO]: [9d0e69208ab4d81cf53cdcbbef537847] RESPONSE GetElementText "Java"
[1718901347.380][INFO]: [9d0e69208ab4d81cf53cdcbbef537847] COMMAND GetElementText {
   "id": "81fe0b2f-514e-4eb5-bfba-dd0153486417"
}
[1718901347.380][INFO]: Waiting for pending navigations...
[1718901347.382][INFO]: Done waiting for pending navigations. Status: ok
[1718901347.415][INFO]: Waiting for pending navigations...
[1718901347.418][INFO]: Done waiting for pending navigations. Status: ok
[1718901347.418][INFO]: [9d0e69208ab4d81cf53cdcbbef537847] RESPONSE GetElementText "Selenium"
[1718901347.423][INFO]: [9d0e69208ab4d81cf53cdcbbef537847] COMMAND GetElementText {
   "id": "8aa38d7b-6963-498a-a761-d527402e42c9"
}
[1718901347.423][INFO]: Waiting for pending navigations...
[1718901347.424][INFO]: Done waiting for pending navigations. Status: ok
[1718901347.461][INFO]: Waiting for pending navigations...
[1718901347.466][INFO]: Done waiting for pending navigations. Status: ok
[1718901347.466][INFO]: [9d0e69208ab4d81cf53cdcbbef537847] RESPONSE GetElementText "Springboot"
[1718901347.472][INFO]: [9d0e69208ab4d81cf53cdcbbef537847] COMMAND GetElementText {
   "id": "0dea96fb-e601-4c53-97a8-b9a479767b10"
}
[1718901347.472][INFO]: Waiting for pending navigations...
[1718901347.474][INFO]: Done waiting for pending navigations. Status: ok
[1718901347.510][INFO]: Waiting for pending navigations...
[1718901347.511][INFO]: Done waiting for pending navigations. Status: ok
[1718901347.511][INFO]: [9d0e69208ab4d81cf53cdcbbef537847] RESPONSE GetElementText "TestNG"
[1718901347.520][INFO]: [9d0e69208ab4d81cf53cdcbbef537847] COMMAND FindElement {
   "using": "xpath",
   "value": "//div//span[@class='M7eMe' and contains(text(),'Which of the following have you learned in Crio.Do for Automation Testing?')]"
}
[1718901347.520][INFO]: Waiting for pending navigations...
[1718901347.521][INFO]: Done waiting for pending navigations. Status: ok
[1718901347.540][INFO]: Waiting for pending navigations...
[1718901347.541][INFO]: Done waiting for pending navigations. Status: ok
[1718901347.541][INFO]: [9d0e69208ab4d81cf53cdcbbef537847] RESPONSE FindElement {
   "element-6066-11e4-a52e-4f735466cecf": "50126924-33ea-40e8-b669-4743732f2c9b"
}
[1718901347.550][INFO]: [9d0e69208ab4d81cf53cdcbbef537847] COMMAND ExecuteScript {
   "args": [ {
      "element-6066-11e4-a52e-4f735466cecf": "50126924-33ea-40e8-b669-4743732f2c9b"
   } ],
   "script": "arguments[0].scrollIntoView();"
}
[1718901347.550][INFO]: Waiting for pending navigations...
[1718901347.551][INFO]: Done waiting for pending navigations. Status: ok
[1718901347.556][INFO]: Waiting for pending navigations...
[1718901347.558][INFO]: Done waiting for pending navigations. Status: ok
[1718901347.558][INFO]: [9d0e69208ab4d81cf53cdcbbef537847] RESPONSE ExecuteScript null
[1718901347.571][INFO]: [9d0e69208ab4d81cf53cdcbbef537847] COMMAND FindElements {
   "using": "xpath",
   "value": "//div[contains(@class,'wFGF8')]//div[@role='checkbox']"
}
[1718901347.571][INFO]: Waiting for pending navigations...
[1718901347.572][INFO]: Done waiting for pending navigations. Status: ok
[1718901347.594][INFO]: Waiting for pending navigations...
[1718901347.595][INFO]: Done waiting for pending navigations. Status: ok
[1718901347.595][INFO]: [9d0e69208ab4d81cf53cdcbbef537847] RESPONSE FindElements [ {
   "element-6066-11e4-a52e-4f735466cecf": "a5a3018e-b7f5-400e-a529-b06e69af78ff"
}, {
   "element-6066-11e4-a52e-4f735466cecf": "81c99c0a-ef5d-4c42-b60b-e74cf9bf0318"
}, {
   "element-6066-11e4-a52e-4f735466cecf": "3e41ec81-d47e-4602-b98b-22e2fd137da0"
}, {
   "element-6066-11e4-a52e-4f735466cecf": "4e81c1ad-e196-4585-bc56-bc5d5df70148"
} ]
[1718901347.611][INFO]: [9d0e69208ab4d81cf53cdcbbef537847] COMMAND GetElementText {
   "id": "a5a3018e-b7f5-400e-a529-b06e69af78ff"
}
[1718901347.611][INFO]: Waiting for pending navigations...
[1718901347.612][INFO]: Done waiting for pending navigations. Status: ok
[1718901347.646][INFO]: Waiting for pending navigations...
[1718901347.647][INFO]: Done waiting for pending navigations. Status: ok
[1718901347.647][INFO]: [9d0e69208ab4d81cf53cdcbbef537847] RESPONSE GetElementText ""
[1718901347.654][INFO]: [9d0e69208ab4d81cf53cdcbbef537847] COMMAND ClickElement {
   "id": "a5a3018e-b7f5-400e-a529-b06e69af78ff"
}
[1718901347.655][INFO]: Waiting for pending navigations...
[1718901347.656][INFO]: Done waiting for pending navigations. Status: ok
[1718901347.730][INFO]: Waiting for pending navigations...
[1718901347.737][INFO]: Done waiting for pending navigations. Status: ok
[1718901347.737][INFO]: [9d0e69208ab4d81cf53cdcbbef537847] RESPONSE ClickElement
[1718901347.755][INFO]: [9d0e69208ab4d81cf53cdcbbef537847] COMMAND GetElementText {
   "id": "81c99c0a-ef5d-4c42-b60b-e74cf9bf0318"
}
[1718901347.755][INFO]: Waiting for pending navigations...
[1718901347.756][INFO]: Done waiting for pending navigations. Status: ok
[1718901347.794][INFO]: Waiting for pending navigations...
[1718901347.799][INFO]: Done waiting for pending navigations. Status: ok
[1718901347.799][INFO]: [9d0e69208ab4d81cf53cdcbbef537847] RESPONSE GetElementText ""
[1718901347.806][INFO]: [9d0e69208ab4d81cf53cdcbbef537847] COMMAND ClickElement {
   "id": "81c99c0a-ef5d-4c42-b60b-e74cf9bf0318"
}
[1718901347.806][INFO]: Waiting for pending navigations...
[1718901347.808][INFO]: Done waiting for pending navigations. Status: ok
[1718901347.892][INFO]: Waiting for pending navigations...
[1718901347.899][INFO]: Done waiting for pending navigations. Status: ok
[1718901347.899][INFO]: [9d0e69208ab4d81cf53cdcbbef537847] RESPONSE ClickElement
[1718901347.904][INFO]: [9d0e69208ab4d81cf53cdcbbef537847] COMMAND GetElementText {
   "id": "4e81c1ad-e196-4585-bc56-bc5d5df70148"
}
[1718901347.904][INFO]: Waiting for pending navigations...
[1718901347.905][INFO]: Done waiting for pending navigations. Status: ok
[1718901347.938][INFO]: Waiting for pending navigations...
[1718901347.940][INFO]: Done waiting for pending navigations. Status: ok
[1718901347.941][INFO]: [9d0e69208ab4d81cf53cdcbbef537847] RESPONSE GetElementText ""
[1718901347.952][INFO]: [9d0e69208ab4d81cf53cdcbbef537847] COMMAND ClickElement {
   "id": "4e81c1ad-e196-4585-bc56-bc5d5df70148"
}
[1718901347.952][INFO]: Waiting for pending navigations...
[1718901347.954][INFO]: Done waiting for pending navigations. Status: ok
[1718901348.040][INFO]: Waiting for pending navigations...
[1718901348.049][INFO]: Done waiting for pending navigations. Status: ok
[1718901348.049][INFO]: [9d0e69208ab4d81cf53cdcbbef537847] RESPONSE ClickElement
[1718901348.054][INFO]: [9d0e69208ab4d81cf53cdcbbef537847] COMMAND FindElement {
   "using": "xpath",
   "value": "(//div[contains(@class,'MocG8c') and @jsname='wQNmvb'])[1]"
}
[1718901348.054][INFO]: Waiting for pending navigations...
[1718901348.055][INFO]: Done waiting for pending navigations. Status: ok
[1718901348.077][INFO]: Waiting for pending navigations...
[1718901348.079][INFO]: Done waiting for pending navigations. Status: ok
[1718901348.080][INFO]: [9d0e69208ab4d81cf53cdcbbef537847] RESPONSE FindElement {
   "element-6066-11e4-a52e-4f735466cecf": "ac3eba0d-1717-4b90-946a-6de6a4dc476c"
}
[1718901348.088][INFO]: [9d0e69208ab4d81cf53cdcbbef537847] COMMAND ClickElement {
   "id": "ac3eba0d-1717-4b90-946a-6de6a4dc476c"
}
[1718901348.088][INFO]: Waiting for pending navigations...
[1718901348.090][INFO]: Done waiting for pending navigations. Status: ok
[1718901348.160][INFO]: Waiting for pending navigations...
[1718901348.166][INFO]: Done waiting for pending navigations. Status: ok
[1718901348.166][INFO]: [9d0e69208ab4d81cf53cdcbbef537847] RESPONSE ClickElement
[1718901348.185][INFO]: [9d0e69208ab4d81cf53cdcbbef537847] COMMAND FindElement {
   "using": "xpath",
   "value": "//div[contains(@class,'LMgvRb')]"
}
[1718901348.185][INFO]: Waiting for pending navigations...
[1718901348.187][INFO]: Done waiting for pending navigations. Status: ok
[1718901348.209][INFO]: Waiting for pending navigations...
[1718901348.213][INFO]: Done waiting for pending navigations. Status: ok
[1718901348.213][INFO]: [9d0e69208ab4d81cf53cdcbbef537847] RESPONSE FindElement {
   "element-6066-11e4-a52e-4f735466cecf": "ac3eba0d-1717-4b90-946a-6de6a4dc476c"
}
[1718901348.238][INFO]: [9d0e69208ab4d81cf53cdcbbef537847] COMMAND ExecuteScript {
   "args": [ {
      "element-6066-11e4-a52e-4f735466cecf": "ac3eba0d-1717-4b90-946a-6de6a4dc476c"
   } ],
   "script": "/* isDisplayed */return (function(){return (function(){var g=this||self;\nfunction aa(a){var b=typeof a;if(\"object\"==b)if(a){if(a instanceof Array)return\"array\";if(a instanceof Object)return b;var c=Object.prototype.toString.call(a);if(\"[object Window]\"==c)return\"object\";if(\"[object Array]\"==c||\"number\"==typeof a.length&&\"undefined\"!=typeof a.splice&&\"undefined\"!=typeof a.propertyIsEnumerable&&!a.propertyIsEnumerable(\"splice\"))return\"array\";if(\"[object Function]\"==c||\"undefined\"!=typeof a.call&&\"undefined\"!=typeof a.propertyIsEnumerable&&!a.propertyIsEnumerable(\"call\"))return\"function\"}else return\"null\";else if(\"function\"==\nb&&\"undefined\"==typeof a.call)return\"object\";return b}function ca(a,b){function c(){}c.prototype=b.prototype;a.prototype=new c;a.prototype.constructor=a};var da=Array.prototype.indexOf?function(a,b){return Array.prototype.indexOf.call(a,b,void 0)}:function(a,b){if(\"string\"===typeof a)return\"string\"!==typeof b||1!=b.length?-1:a.indexOf(b,0);for(var c=0;c\u003Ca.length;c++)if(c in a&&a[c]===b)return c;return-1},ea=Array.prototype.some?function(a,b){return Array.prototype.some.call(a,b,void 0)}:function(a,b){for(var c=a.length,e=\"string\"===typeof a?a.split(\"\"):a,d=0;d\u003Cc;d++)if(d in e&&b.call(void 0,e[d],d,a))return!0;return!1},fa=Array.prototype.every?function(a,\nb){return Array.prototype.every.call(a,b,void 0)}:function(a,b){for(var c=a.length,e=\"string\"===typeof a?a.split(\"\"):a,d=0;d\u003Cc;d++)if(d in e&&!b.call(void 0,e[d],d,a))return!1;return!0};var ha={aliceblue:\"#f0f8ff\",antiquewhite:\"#faebd7\",aqua:\"#00ffff\",aquamarine:\"#7fffd4\",azure:\"#f0ffff\",beige:\"#f5f5dc\",bisque:\"#ffe4c4\",black:\"#000000\",blanchedalmond:\"#ffebcd\",blue:\"#0000ff\",blueviolet:\"#8a2be2\",brown:\"#a52a2a\",burlywood:\"#deb887\",cadetblue:\"#5f9ea0\",chartreuse:\"#7fff00\",chocolate:\"#d2691e\",coral:\"#ff7f50\",cornflowerblue:\"#6495ed\",cornsilk:\"#fff8dc\",crimson:\"#dc143c\",cyan:\"#00ffff\",darkblue:\"#00008b\",darkcyan:\"#008b8b\",darkgoldenrod:\"#b8860b\",darkgray:\"#a9a9a9\",darkgreen:\"#006400\",\ndarkgrey:\"#a9a9a9\",darkkhaki:\"#bdb76b\",darkmagenta:\"#8b008b\",darkolivegreen:\"#556b2f\",darkorange:\"#ff8c00\",darkorchid:\"#9932cc\",darkred:\"#8b0000\",darksalmon:\"#e9967a\",darkseagreen:\"#8fbc8f\",darkslateblue:\"#483d8b\",darkslategray:\"#2f4f4f\",darkslategrey:\"#2f4f4f\",darkturquoise:\"#00ced1\",darkviolet:\"#9400d3\",deeppink:\"#ff1493\",deepskyblue:\"#00bfff\",dimgray:\"#696969\",dimgrey:\"#696969\",dodgerblue:\"#1e90ff\",firebrick:\"#b22222\",floralwhite:\"#fffaf0\",forestgreen:\"#228b22\",fuchsia:\"#ff00ff\",gainsboro:\"#dcdcdc\",\nghostwhite:\"#f8f8ff\",gold:\"#ffd700\",goldenrod:\"#daa520\",gray:\"#808080\",green:\"#008000\",greenyellow:\"#adff2f\",grey:\"#808080\",honeydew:\"#f0fff0\",hotpink:\"#ff69b4\",indianred:\"#cd5c5c\",indigo:\"#4b0082\",ivory:\"#fffff0\",khaki:\"#f0e68c\",lavender:\"#e6e6fa\",lavenderblush:\"#fff0f5\",lawngreen:\"#7cfc00\",lemonchiffon:\"#fffacd\",lightblue:\"#add8e6\",lightcoral:\"#f08080\",lightcyan:\"#e0ffff\",lightgoldenrodyellow:\"#fafad2\",lightgray:\"#d3d3d3\",lightgreen:\"#90ee90\",lightgrey:\"#d3d3d3\",lightpink:\"#ffb6c1\",lightsalmon:\"#ffa07a\",\nlightseagreen:\"#20b2aa\",lightskyblue:\"#87cefa\",lightslategray:\"#778899\",lightslategrey:\"#778899\",lightsteelblue:\"#b0c4de\",lightyellow:\"#ffffe0\",lime:\"#00ff00\",limegreen:\"#32cd32\",linen:\"#faf0e6\",magenta:\"#ff00ff\",maroon:\"#800000\",mediumaquamarine:\"#66cdaa\",mediumblue:\"#0000cd\",mediumorchid:\"#ba55d3\",mediumpurple:\"#9370db\",mediumseagreen:\"#3cb371\",mediumslateblue:\"#7b68ee\",mediumspringgreen:\"#00fa9a\",mediumturquoise:\"#48d1cc\",mediumvioletred:\"#c71585\",midnightblue:\"#191970\",mintcream:\"#f5fffa\",mistyrose:\"#ffe4e1\",\nmoccasin:\"#ffe4b5\",navajowhite:\"#ffdead\",navy:\"#000080\",oldlace:\"#fdf5e6\",olive:\"#808000\",olivedrab:\"#6b8e23\",orange:\"#ffa500\",orangered:\"#ff4500\",orchid:\"#da70d6\",palegoldenrod:\"#eee8aa\",palegreen:\"#98fb98\",paleturquoise:\"#afeeee\",palevioletred:\"#db7093\",papayawhip:\"#ffefd5\",peachpuff:\"#ffdab9\",peru:\"#cd853f\",pink:\"#ffc0cb\",plum:\"#dda0dd\",powderblue:\"#b0e0e6\",purple:\"#800080\",red:\"#ff0000\",rosybrown:\"#bc8f8f\",royalblue:\"#4169e1\",saddlebrown:\"#8b4513\",salmon:\"#fa8072\",sandybrown:\"#f4a460\",seagreen:\"#2e8b57\",\nseashell:\"#fff5ee\",sienna:\"#a0522d\",silver:\"#c0c0c0\",skyblue:\"#87ceeb\",slateblue:\"#6a5acd\",slategray:\"#708090\",slategrey:\"#708090\",snow:\"#fffafa\",springgreen:\"#00ff7f\",steelblue:\"#4682b4\",tan:\"#d2b48c\",teal:\"#008080\",thistle:\"#d8bfd8\",tomato:\"#ff6347\",turquoise:\"#40e0d0\",violet:\"#ee82ee\",wheat:\"#f5deb3\",white:\"#ffffff\",whitesmoke:\"#f5f5f5\",yellow:\"#ffff00\",yellowgreen:\"#9acd32\"};var ia=\"backgroundColor borderTopColor borderRightColor borderBottomColor borderLeftColor color outlineColor\".split(\" \"),ja=/#([0-9a-fA-F])([0-9a-fA-F])([0-9a-fA-F])/,ka=/^#(?:[0-9a-f]{3}){1,2}$/i,la=/^(?:rgba)?\\((\\d{1,3}),\\s?(\\d{1,3}),\\s?(\\d{1,3}),\\s?(0|1|0\\.\\d*)\\)$/i,ma=/^(?:rgb)?\\((0|[1-9]\\d{0,2}),\\s?(0|[1-9]\\d{0,2}),\\s?(0|[1-9]\\d{0,2})\\)$/i;function m(a,b){this.code=a;this.a=p[a]||r;this.message=b||\"\";a=this.a.replace(/((?:^|\\s+)[a-z])/g,function(c){return c.toUpperCase().replace(/^[\\s\\xa0]+/g,\"\")});b=a.length-5;if(0>b||a.indexOf(\"Error\",b)!=b)a+=\"Error\";this.name=a;a=Error(this.message);a.name=this.name;this.stack=a.stack||\"\"}ca(m,Error);var r=\"unknown error\",p={15:\"element not selectable\",11:\"element not visible\"};p[31]=r;p[30]=r;p[24]=\"invalid cookie domain\";p[29]=\"invalid element coordinates\";p[12]=\"invalid element state\";\np[32]=\"invalid selector\";p[51]=\"invalid selector\";p[52]=\"invalid selector\";p[17]=\"javascript error\";p[405]=\"unsupported operation\";p[34]=\"move target out of bounds\";p[27]=\"no such alert\";p[7]=\"no such element\";p[8]=\"no such frame\";p[23]=\"no such window\";p[28]=\"script timeout\";p[33]=\"session not created\";p[10]=\"stale element reference\";p[21]=\"timeout\";p[25]=\"unable to set cookie\";p[26]=\"unexpected alert open\";p[13]=r;p[9]=\"unknown command\";var u=String.prototype.trim?function(a){return a.trim()}:function(a){return/^[\\s\\xa0]*([\\s\\S]*?)[\\s\\xa0]*$/.exec(a)[1]};\nfunction na(a,b){var c=0;a=u(String(a)).split(\".\");b=u(String(b)).split(\".\");for(var e=Math.max(a.length,b.length),d=0;0==c&&d\u003Ce;d++){var f=a[d]||\"\",h=b[d]||\"\";do{f=/(\\d*)(\\D*)(.*)/.exec(f)||[\"\",\"\",\"\",\"\"];h=/(\\d*)(\\D*)(.*)/.exec(h)||[\"\",\"\",\"\",\"\"];if(0==f[0].length&&0==h[0].length)break;c=v(0==f[1].length?0:parseInt(f[1],10),0==h[1].length?0:parseInt(h[1],10))||v(0==f[2].length,0==h[2].length)||v(f[2],h[2]);f=f[3];h=h[3]}while(0==c)}return c}function v(a,b){return a\u003Cb?-1:a>b?1:0};var w;a:{var oa=g.navigator;if(oa){var sa=oa.userAgent;if(sa){w=sa;break a}}w=\"\"}function x(a){return-1!=w.indexOf(a)};function y(){return x(\"Firefox\")||x(\"FxiOS\")}function A(){return(x(\"Chrome\")||x(\"CriOS\"))&&!x(\"Edge\")};function ta(a){return String(a).replace(/\\-([a-z])/g,function(b,c){return c.toUpperCase()})};function B(){return x(\"iPhone\")&&!x(\"iPod\")&&!x(\"iPad\")};function ua(a,b){var c=va;return Object.prototype.hasOwnProperty.call(c,a)?c[a]:c[a]=b(a)};var wa=x(\"Opera\"),C=x(\"Trident\")||x(\"MSIE\"),xa=x(\"Edge\"),ya=x(\"Gecko\")&&!(-1!=w.toLowerCase().indexOf(\"webkit\")&&!x(\"Edge\"))&&!(x(\"Trident\")||x(\"MSIE\"))&&!x(\"Edge\"),za=-1!=w.toLowerCase().indexOf(\"webkit\")&&!x(\"Edge\");function Aa(){var a=g.document;return a?a.documentMode:void 0}var E;\na:{var F=\"\",G=function(){var a=w;if(ya)return/rv:([^\\);]+)(\\)|;)/.exec(a);if(xa)return/Edge\\/([\\d\\.]+)/.exec(a);if(C)return/\\b(?:MSIE|rv)[: ]([^\\);]+)(\\)|;)/.exec(a);if(za)return/WebKit\\/(\\S+)/.exec(a);if(wa)return/(?:Version)[ \\/]?(\\S+)/.exec(a)}();G&&(F=G?G[1]:\"\");if(C){var H=Aa();if(null!=H&&H>parseFloat(F)){E=String(H);break a}}E=F}var va={};function Ba(a){return ua(a,function(){return 0\u003C=na(E,a)})}var I;I=g.document&&C?Aa():void 0;var Ca=y(),Da=B()||x(\"iPod\"),Ea=x(\"iPad\"),Fa=x(\"Android\")&&!(A()||y()||x(\"Opera\")||x(\"Silk\")),Ga=A(),Ha=x(\"Safari\")&&!(A()||x(\"Coast\")||x(\"Opera\")||x(\"Edge\")||x(\"Edg/\")||x(\"OPR\")||y()||x(\"Silk\")||x(\"Android\"))&&!(B()||x(\"iPad\")||x(\"iPod\"));function J(a){return(a=a.exec(w))?a[1]:\"\"}(function(){if(Ca)return J(/Firefox\\/([0-9.]+)/);if(C||xa||wa)return E;if(Ga)return B()||x(\"iPad\")||x(\"iPod\")?J(/CriOS\\/([0-9.]+)/):J(/Chrome\\/([0-9.]+)/);if(Ha&&!(B()||x(\"iPad\")||x(\"iPod\")))return J(/Version\\/([0-9.]+)/);if(Da||Ea){var a=/Version\\/(\\S+).*Mobile\\/(\\S+)/.exec(w);if(a)return a[1]+\".\"+a[2]}else if(Fa)return(a=J(/Android\\s+([0-9.]+)/))?a:J(/Version\\/([0-9.]+)/);return\"\"})();var K;if(K=C)K=!(9\u003C=Number(I));var Ia=K;function L(a,b){this.x=void 0!==a?a:0;this.y=void 0!==b?b:0}L.prototype.ceil=function(){this.x=Math.ceil(this.x);this.y=Math.ceil(this.y);return this};L.prototype.floor=function(){this.x=Math.floor(this.x);this.y=Math.floor(this.y);return this};L.prototype.round=function(){this.x=Math.round(this.x);this.y=Math.round(this.y);return this};function M(a,b){this.width=a;this.height=b}M.prototype.aspectRatio=function(){return this.width/this.height};M.prototype.ceil=function(){this.width=Math.ceil(this.width);this.height=Math.ceil(this.height);return this};M.prototype.floor=function(){this.width=Math.floor(this.width);this.height=Math.floor(this.height);return this};M.prototype.round=function(){this.width=Math.round(this.width);this.height=Math.round(this.height);return this};function N(a){return 9==a.nodeType?a:a.ownerDocument||a.document}function Ja(a,b){a&&(a=a.parentNode);for(var c=0;a;){if(b(a))return a;a=a.parentNode;c++}return null}function Ka(a){this.a=a||g.document||document};function P(a,b){b&&\"string\"!==typeof b&&(b=b.toString());return!!a&&1==a.nodeType&&(!b||a.tagName.toUpperCase()==b)};function Q(a,b,c,e){this.f=a;this.a=b;this.b=c;this.c=e}Q.prototype.ceil=function(){this.f=Math.ceil(this.f);this.a=Math.ceil(this.a);this.b=Math.ceil(this.b);this.c=Math.ceil(this.c);return this};Q.prototype.floor=function(){this.f=Math.floor(this.f);this.a=Math.floor(this.a);this.b=Math.floor(this.b);this.c=Math.floor(this.c);return this};Q.prototype.round=function(){this.f=Math.round(this.f);this.a=Math.round(this.a);this.b=Math.round(this.b);this.c=Math.round(this.c);return this};function R(a,b,c,e){this.a=a;this.b=b;this.width=c;this.height=e}R.prototype.ceil=function(){this.a=Math.ceil(this.a);this.b=Math.ceil(this.b);this.width=Math.ceil(this.width);this.height=Math.ceil(this.height);return this};R.prototype.floor=function(){this.a=Math.floor(this.a);this.b=Math.floor(this.b);this.width=Math.floor(this.width);this.height=Math.floor(this.height);return this};\nR.prototype.round=function(){this.a=Math.round(this.a);this.b=Math.round(this.b);this.width=Math.round(this.width);this.height=Math.round(this.height);return this};var La=\"function\"===typeof ShadowRoot;function S(a){for(a=a.parentNode;a&&1!=a.nodeType&&9!=a.nodeType&&11!=a.nodeType;)a=a.parentNode;return P(a)?a:null}\nfunction T(a,b){b=ta(b);if(\"float\"==b||\"cssFloat\"==b||\"styleFloat\"==b)b=Ia?\"styleFloat\":\"cssFloat\";a:{var c=b;var e=N(a);if(e.defaultView&&e.defaultView.getComputedStyle&&(e=e.defaultView.getComputedStyle(a,null))){c=e[c]||e.getPropertyValue(c)||\"\";break a}c=\"\"}a=c||Ma(a,b);if(null===a)a=null;else if(0\u003C=da(ia,b)){b:{var d=a.match(la);if(d&&(b=Number(d[1]),c=Number(d[2]),e=Number(d[3]),d=Number(d[4]),0\u003C=b&&255>=b&&0\u003C=c&&255>=c&&0\u003C=e&&255>=e&&0\u003C=d&&1>=d)){b=[b,c,e,d];break b}b=null}if(!b)b:{if(e=a.match(ma))if(b=\nNumber(e[1]),c=Number(e[2]),e=Number(e[3]),0\u003C=b&&255>=b&&0\u003C=c&&255>=c&&0\u003C=e&&255>=e){b=[b,c,e,1];break b}b=null}if(!b)b:{b=a.toLowerCase();c=ha[b.toLowerCase()];if(!c&&(c=\"#\"==b.charAt(0)?b:\"#\"+b,4==c.length&&(c=c.replace(ja,\"#$1$1$2$2$3$3\")),!ka.test(c))){b=null;break b}b=[parseInt(c.substr(1,2),16),parseInt(c.substr(3,2),16),parseInt(c.substr(5,2),16),1]}a=b?\"rgba(\"+b.join(\", \")+\")\":a}return a}\nfunction Ma(a,b){var c=a.currentStyle||a.style,e=c[b];void 0===e&&\"function\"==aa(c.getPropertyValue)&&(e=c.getPropertyValue(b));return\"inherit\"!=e?void 0!==e?e:null:(a=S(a))?Ma(a,b):null}\nfunction U(a,b,c){function e(h){var n=V(h);return 0\u003Cn.height&&0\u003Cn.width?!0:P(h,\"PATH\")&&(0\u003Cn.height||0\u003Cn.width)?(h=T(h,\"stroke-width\"),!!h&&0\u003CparseInt(h,10)):\"hidden\"!=T(h,\"overflow\")&&ea(h.childNodes,function(D){return 3==D.nodeType||P(D)&&e(D)})}function d(h){return Na(h)==W&&fa(h.childNodes,function(n){return!P(n)||d(n)||!e(n)})}if(!P(a))throw Error(\"Argument to isShown must be of type Element\");if(P(a,\"BODY\"))return!0;if(P(a,\"OPTION\")||P(a,\"OPTGROUP\"))return a=Ja(a,function(h){return P(h,\"SELECT\")}),\n!!a&&U(a,!0,c);var f=Oa(a);if(f)return!!f.image&&0\u003Cf.rect.width&&0\u003Cf.rect.height&&U(f.image,b,c);if(P(a,\"INPUT\")&&\"hidden\"==a.type.toLowerCase()||P(a,\"NOSCRIPT\"))return!1;f=T(a,\"visibility\");return\"collapse\"!=f&&\"hidden\"!=f&&c(a)&&(b||0!=Pa(a))&&e(a)?!d(a):!1}var W=\"hidden\";\nfunction Na(a){function b(k){function l(ba){if(ba==h)return!0;var pa=T(ba,\"display\");return 0==pa.lastIndexOf(\"inline\",0)||\"contents\"==pa||\"absolute\"==qa&&\"static\"==T(ba,\"position\")?!1:!0}var qa=T(k,\"position\");if(\"fixed\"==qa)return ra=!0,k==h?null:h;for(k=S(k);k&&!l(k);)k=S(k);return k}function c(k){var l=k;if(\"visible\"==D)if(k==h&&n)l=n;else if(k==n)return{x:\"visible\",y:\"visible\"};l={x:T(l,\"overflow-x\"),y:T(l,\"overflow-y\")};k==h&&(l.x=\"visible\"==l.x?\"auto\":l.x,l.y=\"visible\"==l.y?\"auto\":l.y);return l}\nfunction e(k){if(k==h){var l=(new Ka(f)).a;k=l.scrollingElement?l.scrollingElement:za||\"CSS1Compat\"!=l.compatMode?l.body||l.documentElement:l.documentElement;l=l.parentWindow||l.defaultView;k=C&&Ba(\"10\")&&l.pageYOffset!=k.scrollTop?new L(k.scrollLeft,k.scrollTop):new L(l.pageXOffset||k.scrollLeft,l.pageYOffset||k.scrollTop)}else k=new L(k.scrollLeft,k.scrollTop);return k}var d=Qa(a),f=N(a),h=f.documentElement,n=f.body,D=T(h,\"overflow\"),ra;for(a=b(a);a;a=b(a)){var q=c(a);if(\"visible\"!=q.x||\"visible\"!=\nq.y){var t=V(a);if(0==t.width||0==t.height)return W;var z=d.a\u003Ct.a,O=d.b\u003Ct.b;if(z&&\"hidden\"==q.x||O&&\"hidden\"==q.y)return W;if(z&&\"visible\"!=q.x||O&&\"visible\"!=q.y){z=e(a);O=d.b\u003Ct.b-z.y;if(d.a\u003Ct.a-z.x&&\"visible\"!=q.x||O&&\"visible\"!=q.x)return W;d=Na(a);return d==W?W:\"scroll\"}z=d.c>=t.a+t.width;t=d.f>=t.b+t.height;if(z&&\"hidden\"==q.x||t&&\"hidden\"==q.y)return W;if(z&&\"visible\"!=q.x||t&&\"visible\"!=q.y){if(ra&&(q=e(a),d.c>=h.scrollWidth-q.x||d.a>=h.scrollHeight-q.y))return W;d=Na(a);return d==W?W:\"scroll\"}}}return\"none\"}\nfunction V(a){var b=Oa(a);if(b)return b.rect;if(P(a,\"HTML\"))return a=N(a),a=((a?a.parentWindow||a.defaultView:window)||window).document,a=\"CSS1Compat\"==a.compatMode?a.documentElement:a.body,a=new M(a.clientWidth,a.clientHeight),new R(0,0,a.width,a.height);try{var c=a.getBoundingClientRect()}catch(e){return new R(0,0,0,0)}b=new R(c.left,c.top,c.right-c.left,c.bottom-c.top);C&&a.ownerDocument.body&&(a=N(a),b.a-=a.documentElement.clientLeft+a.body.clientLeft,b.b-=a.documentElement.clientTop+a.body.clientTop);\nreturn b}\nfunction Oa(a){var b=P(a,\"MAP\");if(!b&&!P(a,\"AREA\"))return null;var c=b?a:P(a.parentNode,\"MAP\")?a.parentNode:null,e=null,d=null;if(c&&c.name){e='*[usemap=\"#'+c.name+'\"]';c=N(c);var f;if(f=\"function\"!=aa(c.querySelector)&&C&&(C?0\u003C=na(I,8):Ba(8))){f=c.querySelector;var h=typeof f;f=!(\"object\"==h&&null!=f||\"function\"==h)}if(f)throw Error(\"CSS selection is not supported\");if(!e)throw new m(32,\"No selector specified\");e=u(e);try{var n=c.querySelector(e)}catch(D){throw new m(32,\"An invalid or illegal selector was specified\");}if(e=\nn&&1==n.nodeType?n:null)d=V(e),b||\"default\"==a.shape.toLowerCase()||(a=Ra(a),b=Math.min(Math.max(a.a,0),d.width),n=Math.min(Math.max(a.b,0),d.height),d=new R(b+d.a,n+d.b,Math.min(a.width,d.width-b),Math.min(a.height,d.height-n)))}return{image:e,rect:d||new R(0,0,0,0)}}\nfunction Ra(a){var b=a.shape.toLowerCase();a=a.coords.split(\",\");if(\"rect\"==b&&4==a.length){b=a[0];var c=a[1];return new R(b,c,a[2]-b,a[3]-c)}if(\"circle\"==b&&3==a.length)return b=a[2],new R(a[0]-b,a[1]-b,2*b,2*b);if(\"poly\"==b&&2\u003Ca.length){b=a[0];c=a[1];for(var e=b,d=c,f=2;f+1\u003Ca.length;f+=2)b=Math.min(b,a[f]),e=Math.max(e,a[f]),c=Math.min(c,a[f+1]),d=Math.max(d,a[f+1]);return new R(b,c,e-b,d-c)}return new R(0,0,0,0)}function Qa(a){a=V(a);return new Q(a.b,a.a+a.width,a.b+a.height,a.a)}\nfunction Pa(a){if(Ia){if(\"relative\"==T(a,\"position\"))return 1;a=T(a,\"filter\");return(a=a.match(/^alpha\\(opacity=(\\d*)\\)/)||a.match(/^progid:DXImageTransform.Microsoft.Alpha\\(Opacity=(\\d*)\\)/))?Number(a[1])/100:1}return Sa(a)}function Sa(a){var b=1,c=T(a,\"opacity\");c&&(b=Number(c));(a=S(a))&&(b*=Sa(a));return b};function Ta(a,b){function c(e){if(P(e)&&\"none\"==T(e,\"display\"))return!1;var d;if((d=e.parentNode)&&d.shadowRoot&&void 0!==e.assignedSlot)d=e.assignedSlot?e.assignedSlot.parentNode:null;else if(e.getDestinationInsertionPoints){var f=e.getDestinationInsertionPoints();0\u003Cf.length&&(d=f[f.length-1])}if(La&&d instanceof ShadowRoot){if(d.host.shadowRoot&&d.host.shadowRoot!==d)return!1;d=d.host}return!d||9!=d.nodeType&&11!=d.nodeType?d&&P(d,\"DETAILS\")&&!d.open&&!P(e,\"SUMMARY\")?!1:!!d&&c(d):!0}return U(a,\n!!b,c)}var X=[\"_\"],Y=g;X[0]in Y||\"undefined\"==typeof Y.execScript||Y.execScript(\"var \"+X[0]);for(var Z;X.length&&(Z=X.shift());)X.length||void 0===Ta?Y[Z]&&Y[Z]!==Object.prototype[Z]?Y=Y[Z]:Y=Y[Z]={}:Y[Z]=Ta;; return this._.apply(null,arguments);}).apply({navigator:typeof window!='undefined'?window.navigator:null,document:typeof window!='undefined'?window.document:null}, arguments);}\n).apply(null, arguments);"
}
[1718901348.238][INFO]: Waiting for pending navigations...
[1718901348.240][INFO]: Done waiting for pending navigations. Status: ok
[1718901348.260][INFO]: Waiting for pending navigations...
[1718901348.267][INFO]: Done waiting for pending navigations. Status: ok
[1718901348.267][INFO]: [9d0e69208ab4d81cf53cdcbbef537847] RESPONSE ExecuteScript true
[1718901348.273][INFO]: [9d0e69208ab4d81cf53cdcbbef537847] COMMAND FindElements {
   "using": "xpath",
   "value": "//div[contains(@class,'LMgvRb')]"
}
[1718901348.273][INFO]: Waiting for pending navigations...
[1718901348.274][INFO]: Done waiting for pending navigations. Status: ok
[1718901348.302][INFO]: Waiting for pending navigations...
[1718901348.306][INFO]: Done waiting for pending navigations. Status: ok
[1718901348.307][INFO]: [9d0e69208ab4d81cf53cdcbbef537847] RESPONSE FindElements [ {
   "element-6066-11e4-a52e-4f735466cecf": "ac3eba0d-1717-4b90-946a-6de6a4dc476c"
}, {
   "element-6066-11e4-a52e-4f735466cecf": "9b825cd5-491a-43fb-b460-c9e046dd658e"
}, {
   "element-6066-11e4-a52e-4f735466cecf": "f8b87488-fdd8-4066-b1c7-412fec2fb748"
}, {
   "element-6066-11e4-a52e-4f735466cecf": "d9c0c5e9-1708-437b-a8ca-89f2553d6d41"
}, {
   "element-6066-11e4-a52e-4f735466cecf": "cf112959-e97b-450a-806a-85c74c8d063a"
}, {
   "element-6066-11e4-a52e-4f735466cecf": "4fe7cfa5-26e2-432b-96f3-875e912d7845"
}, {
   "element-6066-11e4-a52e-4f735466cecf": "7aa653e7-24de-4453-ad01-6a239570ca35"
}, {
   "element-6066-11e4-a52e-4f735466cecf": "4b9e3d42-ddd0-4f85-9051-de210a25e22a"
}, {
   "element-6066-11e4-a52e-4f735466cecf": "eca84c4d-db0f-4916-87ff-81b1e4d27c1e"
}, {
   "element-6066-11e4-a52e-4f735466cecf": "5a602a4d-83e1-4e2a-addc-36f7afc67590"
}, {
   "element-6066-11e4-a52e-4f735466cecf": "b31453de-79e6-4a0a-b7e5-6a35651b7fdd"
}, {
   "element-6066-11e4-a52e-4f735466cecf": "fdbe4103-f372-4454-8405-8cc483258530"
} ]
[1718901348.339][INFO]: [9d0e69208ab4d81cf53cdcbbef537847] COMMAND GetElementText {
   "id": "ac3eba0d-1717-4b90-946a-6de6a4dc476c"
}
[1718901348.339][INFO]: Waiting for pending navigations...
[1718901348.352][INFO]: Done waiting for pending navigations. Status: ok
[1718901348.381][INFO]: Waiting for pending navigations...
[1718901348.382][INFO]: Done waiting for pending navigations. Status: ok
[1718901348.382][INFO]: [9d0e69208ab4d81cf53cdcbbef537847] RESPONSE GetElementText "Choose"
[1718901348.388][INFO]: [9d0e69208ab4d81cf53cdcbbef537847] COMMAND GetElementText {
   "id": "9b825cd5-491a-43fb-b460-c9e046dd658e"
}
[1718901348.388][INFO]: Waiting for pending navigations...
[1718901348.389][INFO]: Done waiting for pending navigations. Status: ok
[1718901348.417][INFO]: Waiting for pending navigations...
[1718901348.419][INFO]: Done waiting for pending navigations. Status: ok
[1718901348.419][INFO]: [9d0e69208ab4d81cf53cdcbbef537847] RESPONSE GetElementText ""
[1718901348.427][INFO]: [9d0e69208ab4d81cf53cdcbbef537847] COMMAND GetElementText {
   "id": "f8b87488-fdd8-4066-b1c7-412fec2fb748"
}
[1718901348.427][INFO]: Waiting for pending navigations...
[1718901348.428][INFO]: Done waiting for pending navigations. Status: ok
[1718901348.457][INFO]: Waiting for pending navigations...
[1718901348.459][INFO]: Done waiting for pending navigations. Status: ok
[1718901348.459][INFO]: [9d0e69208ab4d81cf53cdcbbef537847] RESPONSE GetElementText ""
[1718901348.466][INFO]: [9d0e69208ab4d81cf53cdcbbef537847] COMMAND GetElementText {
   "id": "d9c0c5e9-1708-437b-a8ca-89f2553d6d41"
}
[1718901348.466][INFO]: Waiting for pending navigations...
[1718901348.467][INFO]: Done waiting for pending navigations. Status: ok
[1718901348.492][INFO]: Waiting for pending navigations...
[1718901348.493][INFO]: Done waiting for pending navigations. Status: ok
[1718901348.494][INFO]: [9d0e69208ab4d81cf53cdcbbef537847] RESPONSE GetElementText ""
[1718901348.502][INFO]: [9d0e69208ab4d81cf53cdcbbef537847] COMMAND GetElementText {
   "id": "cf112959-e97b-450a-806a-85c74c8d063a"
}
[1718901348.502][INFO]: Waiting for pending navigations...
[1718901348.504][INFO]: Done waiting for pending navigations. Status: ok
[1718901348.535][INFO]: Waiting for pending navigations...
[1718901348.537][INFO]: Done waiting for pending navigations. Status: ok
[1718901348.537][INFO]: [9d0e69208ab4d81cf53cdcbbef537847] RESPONSE GetElementText ""
[1718901348.543][INFO]: [9d0e69208ab4d81cf53cdcbbef537847] COMMAND GetElementText {
   "id": "4fe7cfa5-26e2-432b-96f3-875e912d7845"
}
[1718901348.543][INFO]: Waiting for pending navigations...
[1718901348.544][INFO]: Done waiting for pending navigations. Status: ok
[1718901348.575][INFO]: Waiting for pending navigations...
[1718901348.584][INFO]: Done waiting for pending navigations. Status: ok
[1718901348.584][INFO]: [9d0e69208ab4d81cf53cdcbbef537847] RESPONSE GetElementText ""
[1718901348.591][INFO]: [9d0e69208ab4d81cf53cdcbbef537847] COMMAND GetElementText {
   "id": "7aa653e7-24de-4453-ad01-6a239570ca35"
}
[1718901348.591][INFO]: Waiting for pending navigations...
[1718901348.593][INFO]: Done waiting for pending navigations. Status: ok
[1718901348.620][INFO]: Waiting for pending navigations...
[1718901348.621][INFO]: Done waiting for pending navigations. Status: ok
[1718901348.621][INFO]: [9d0e69208ab4d81cf53cdcbbef537847] RESPONSE GetElementText "Choose"
[1718901348.628][INFO]: [9d0e69208ab4d81cf53cdcbbef537847] COMMAND GetElementText {
   "id": "4b9e3d42-ddd0-4f85-9051-de210a25e22a"
}
[1718901348.628][INFO]: Waiting for pending navigations...
[1718901348.629][INFO]: Done waiting for pending navigations. Status: ok
[1718901348.657][INFO]: Waiting for pending navigations...
[1718901348.658][INFO]: Done waiting for pending navigations. Status: ok
[1718901348.658][INFO]: [9d0e69208ab4d81cf53cdcbbef537847] RESPONSE GetElementText "Mr"
[1718901348.664][INFO]: [9d0e69208ab4d81cf53cdcbbef537847] COMMAND ClickElement {
   "id": "4b9e3d42-ddd0-4f85-9051-de210a25e22a"
}
[1718901348.664][INFO]: Waiting for pending navigations...
[1718901348.666][INFO]: Done waiting for pending navigations. Status: ok
[1718901348.737][INFO]: Waiting for pending navigations...
[1718901348.748][INFO]: Done waiting for pending navigations. Status: ok
[1718901348.748][INFO]: [9d0e69208ab4d81cf53cdcbbef537847] RESPONSE ClickElement
[1718901348.754][INFO]: [9d0e69208ab4d81cf53cdcbbef537847] COMMAND GetElementText {
   "id": "eca84c4d-db0f-4916-87ff-81b1e4d27c1e"
}
[1718901348.754][INFO]: Waiting for pending navigations...
[1718901348.755][INFO]: Done waiting for pending navigations. Status: ok
[1718901348.790][INFO]: Waiting for pending navigations...
[1718901348.791][INFO]: Done waiting for pending navigations. Status: ok
[1718901348.791][INFO]: [9d0e69208ab4d81cf53cdcbbef537847] RESPONSE GetElementText "Ms"
[1718901348.797][INFO]: [9d0e69208ab4d81cf53cdcbbef537847] COMMAND GetElementText {
   "id": "5a602a4d-83e1-4e2a-addc-36f7afc67590"
}
[1718901348.797][INFO]: Waiting for pending navigations...
[1718901348.799][INFO]: Done waiting for pending navigations. Status: ok
[1718901348.837][INFO]: Waiting for pending navigations...
[1718901348.840][INFO]: Done waiting for pending navigations. Status: ok
[1718901348.840][INFO]: [9d0e69208ab4d81cf53cdcbbef537847] RESPONSE GetElementText "Mrs"
[1718901348.852][INFO]: [9d0e69208ab4d81cf53cdcbbef537847] COMMAND ClickElement {
   "id": "5a602a4d-83e1-4e2a-addc-36f7afc67590"
}
[1718901348.853][INFO]: Waiting for pending navigations...
[1718901348.870][INFO]: Done waiting for pending navigations. Status: ok
[1718901348.998][INFO]: Waiting for pending navigations...
[1718901349.004][INFO]: Done waiting for pending navigations. Status: ok
[1718901349.004][INFO]: [9d0e69208ab4d81cf53cdcbbef537847] RESPONSE ClickElement
[1718901349.014][INFO]: [9d0e69208ab4d81cf53cdcbbef537847] COMMAND GetElementText {
   "id": "b31453de-79e6-4a0a-b7e5-6a35651b7fdd"
}
[1718901349.014][INFO]: Waiting for pending navigations...
[1718901349.019][INFO]: Done waiting for pending navigations. Status: ok
[1718901349.056][INFO]: Waiting for pending navigations...
[1718901349.063][INFO]: Done waiting for pending navigations. Status: ok
[1718901349.063][INFO]: [9d0e69208ab4d81cf53cdcbbef537847] RESPONSE GetElementText ""
[1718901349.071][INFO]: [9d0e69208ab4d81cf53cdcbbef537847] COMMAND GetElementText {
   "id": "fdbe4103-f372-4454-8405-8cc483258530"
}
[1718901349.071][INFO]: Waiting for pending navigations...
[1718901349.073][INFO]: Done waiting for pending navigations. Status: ok
[1718901349.109][INFO]: Waiting for pending navigations...
[1718901349.113][INFO]: Done waiting for pending navigations. Status: ok
[1718901349.113][INFO]: [9d0e69208ab4d81cf53cdcbbef537847] RESPONSE GetElementText ""
[1718901349.121][INFO]: [9d0e69208ab4d81cf53cdcbbef537847] COMMAND FindElement {
   "using": "xpath",
   "value": "(//div//input[contains(@class,'whsOnd') and @jsname='YPqjbf'])[2]"
}
[1718901349.121][INFO]: Waiting for pending navigations...
[1718901349.123][INFO]: Done waiting for pending navigations. Status: ok
[1718901349.153][INFO]: Waiting for pending navigations...
[1718901349.156][INFO]: Done waiting for pending navigations. Status: ok
[1718901349.157][INFO]: [9d0e69208ab4d81cf53cdcbbef537847] RESPONSE FindElement {
   "element-6066-11e4-a52e-4f735466cecf": "51fd9de0-3e62-4bad-b647-69001122cd4f"
}
[1718901349.166][INFO]: [9d0e69208ab4d81cf53cdcbbef537847] COMMAND ClearElement {
   "id": "51fd9de0-3e62-4bad-b647-69001122cd4f"
}
[1718901349.166][INFO]: Waiting for pending navigations...
[1718901349.170][INFO]: Done waiting for pending navigations. Status: ok
[1718901349.268][INFO]: Waiting for pending navigations...
[1718901349.270][INFO]: Done waiting for pending navigations. Status: ok
[1718901349.270][INFO]: [9d0e69208ab4d81cf53cdcbbef537847] RESPONSE ClearElement
[1718901349.278][INFO]: [9d0e69208ab4d81cf53cdcbbef537847] COMMAND TypeElement {
   "id": "51fd9de0-3e62-4bad-b647-69001122cd4f",
   "text": "13-06-2024",
   "value": [ "1", "3", "-", "0", "6", "-", "2", "0", "2", "4" ]
}
[1718901349.278][INFO]: Waiting for pending navigations...
[1718901349.280][INFO]: Done waiting for pending navigations. Status: ok
[1718901349.478][INFO]: Waiting for pending navigations...
[1718901349.494][INFO]: Done waiting for pending navigations. Status: ok
[1718901349.494][INFO]: [9d0e69208ab4d81cf53cdcbbef537847] RESPONSE TypeElement
[1718901349.540][INFO]: [9d0e69208ab4d81cf53cdcbbef537847] COMMAND FindElement {
   "using": "xpath",
   "value": "(//input[@class='whsOnd zHQkBf'])[3]"
}
[1718901349.540][INFO]: Waiting for pending navigations...
[1718901349.542][INFO]: Done waiting for pending navigations. Status: ok
[1718901349.571][INFO]: Waiting for pending navigations...
[1718901349.573][INFO]: Done waiting for pending navigations. Status: ok
[1718901349.573][INFO]: [9d0e69208ab4d81cf53cdcbbef537847] RESPONSE FindElement {
   "element-6066-11e4-a52e-4f735466cecf": "2094bdc3-d257-44c9-ad29-a22ac20981a0"
}
[1718901349.636][INFO]: [9d0e69208ab4d81cf53cdcbbef537847] COMMAND ClearElement {
   "id": "2094bdc3-d257-44c9-ad29-a22ac20981a0"
}
[1718901349.636][INFO]: Waiting for pending navigations...
[1718901349.638][INFO]: Done waiting for pending navigations. Status: ok
[1718901349.747][INFO]: Waiting for pending navigations...
[1718901349.749][INFO]: Done waiting for pending navigations. Status: ok
[1718901349.749][INFO]: [9d0e69208ab4d81cf53cdcbbef537847] RESPONSE ClearElement
[1718901349.756][INFO]: [9d0e69208ab4d81cf53cdcbbef537847] COMMAND TypeElement {
   "id": "2094bdc3-d257-44c9-ad29-a22ac20981a0",
   "text": "10",
   "value": [ "1", "0" ]
}
[1718901349.756][INFO]: Waiting for pending navigations...
[1718901349.758][INFO]: Done waiting for pending navigations. Status: ok
[1718901349.895][INFO]: Waiting for pending navigations...
[1718901349.903][INFO]: Done waiting for pending navigations. Status: ok
[1718901349.903][INFO]: [9d0e69208ab4d81cf53cdcbbef537847] RESPONSE TypeElement
[1718901349.915][INFO]: [9d0e69208ab4d81cf53cdcbbef537847] COMMAND FindElement {
   "using": "xpath",
   "value": "(//input[@class='whsOnd zHQkBf'])[4]"
}
[1718901349.915][INFO]: Waiting for pending navigations...
[1718901349.916][INFO]: Done waiting for pending navigations. Status: ok
[1718901349.947][INFO]: Waiting for pending navigations...
[1718901349.949][INFO]: Done waiting for pending navigations. Status: ok
[1718901349.949][INFO]: [9d0e69208ab4d81cf53cdcbbef537847] RESPONSE FindElement {
   "element-6066-11e4-a52e-4f735466cecf": "154792fb-ce8f-4c50-9a6e-e2155f669df9"
}
[1718901349.958][INFO]: [9d0e69208ab4d81cf53cdcbbef537847] COMMAND ClearElement {
   "id": "154792fb-ce8f-4c50-9a6e-e2155f669df9"
}
[1718901349.958][INFO]: Waiting for pending navigations...
[1718901349.960][INFO]: Done waiting for pending navigations. Status: ok
[1718901350.069][INFO]: Waiting for pending navigations...
[1718901350.071][INFO]: Done waiting for pending navigations. Status: ok
[1718901350.071][INFO]: [9d0e69208ab4d81cf53cdcbbef537847] RESPONSE ClearElement
[1718901350.081][INFO]: [9d0e69208ab4d81cf53cdcbbef537847] COMMAND TypeElement {
   "id": "154792fb-ce8f-4c50-9a6e-e2155f669df9",
   "text": "10",
   "value": [ "1", "0" ]
}
[1718901350.082][INFO]: Waiting for pending navigations...
[1718901350.083][INFO]: Done waiting for pending navigations. Status: ok
[1718901350.240][INFO]: Waiting for pending navigations...
[1718901350.251][INFO]: Done waiting for pending navigations. Status: ok
[1718901350.251][INFO]: [9d0e69208ab4d81cf53cdcbbef537847] RESPONSE TypeElement
[1718901350.263][INFO]: [9d0e69208ab4d81cf53cdcbbef537847] COMMAND FindElement {
   "using": "xpath",
   "value": "//span[text()='Submit']"
}
[1718901350.263][INFO]: Waiting for pending navigations...
[1718901350.265][INFO]: Done waiting for pending navigations. Status: ok
[1718901350.295][INFO]: Waiting for pending navigations...
[1718901350.296][INFO]: Done waiting for pending navigations. Status: ok
[1718901350.297][INFO]: [9d0e69208ab4d81cf53cdcbbef537847] RESPONSE FindElement {
   "element-6066-11e4-a52e-4f735466cecf": "f3ab9668-fa25-44de-a12f-68b15e72226d"
}
[1718901350.304][INFO]: [9d0e69208ab4d81cf53cdcbbef537847] COMMAND ClickElement {
   "id": "f3ab9668-fa25-44de-a12f-68b15e72226d"
}
[1718901350.304][INFO]: Waiting for pending navigations...
[1718901350.306][INFO]: Done waiting for pending navigations. Status: ok
[1718901350.444][INFO]: Waiting for pending navigations...
[1718901351.665][INFO]: Done waiting for pending navigations. Status: ok
[1718901351.665][INFO]: [9d0e69208ab4d81cf53cdcbbef537847] RESPONSE ClickElement
[1718901353.725][INFO]: [9d0e69208ab4d81cf53cdcbbef537847] COMMAND FindElement {
   "using": "xpath",
   "value": "//div[@class='vHW8K']"
}
[1718901353.725][INFO]: Waiting for pending navigations...
[1718901353.738][INFO]: Done waiting for pending navigations. Status: ok
[1718901353.770][INFO]: Waiting for pending navigations...
[1718901353.772][INFO]: Done waiting for pending navigations. Status: ok
[1718901353.772][INFO]: [9d0e69208ab4d81cf53cdcbbef537847] RESPONSE FindElement {
   "element-6066-11e4-a52e-4f735466cecf": "d8e7c145-682f-48d5-8dc5-d8294826c2c3"
}
[1718901353.782][INFO]: [9d0e69208ab4d81cf53cdcbbef537847] COMMAND GetElementText {
   "id": "d8e7c145-682f-48d5-8dc5-d8294826c2c3"
}
[1718901353.782][INFO]: Waiting for pending navigations...
[1718901353.783][INFO]: Done waiting for pending navigations. Status: ok
[1718901353.818][INFO]: Waiting for pending navigations...
[1718901353.819][INFO]: Done waiting for pending navigations. Status: ok
[1718901353.819][INFO]: [9d0e69208ab4d81cf53cdcbbef537847] RESPONSE GetElementText "Thanks for your response, Automation Wizard!"
[1718901353.836][INFO]: [9d0e69208ab4d81cf53cdcbbef537847] COMMAND CloseWindow {
}
[1718901354.203][INFO]: [9d0e69208ab4d81cf53cdcbbef537847] RESPONSE CloseWindow [  ]
